------- Print Board 3 -------
---create---
6 5 9 0 0 0 8 2 0 
0 0 0 0 0 8 9 7 4 
0 0 8 0 2 3 0 1 6 
3 0 0 0 8 0 7 0 0 
0 0 5 7 3 0 0 4 1 
0 1 7 0 5 0 3 8 2 
0 0 4 8 9 0 1 6 0 
0 6 0 3 4 5 0 0 0 
0 9 0 0 0 6 4 0 8 
---solved---
6 5 9 4 1 7 8 2 3 
1 2 3 5 6 8 9 7 4 
4 7 8 9 2 3 5 1 6 
3 4 6 2 8 1 7 5 9 
2 8 5 7 3 9 6 4 1 
9 1 7 6 5 4 3 8 2 
7 3 4 8 9 2 1 6 5 
8 6 1 3 4 5 2 9 7 
5 9 2 1 7 6 4 3 8 
---fuzzTest---
Solver has no duplicate or sum errors!! 
passed 
Solver -successfully- filled in the correct slots! 
passed 
------- Print Board 2 -------
---create---
0 0 0 5 0 0 0 0 0 
0 3 0 0 6 8 0 0 0 
0 0 0 0 0 0 6 0 0 
0 0 0 0 2 0 8 3 0 
0 0 3 9 8 5 4 0 0 
0 0 6 3 0 0 0 9 0 
0 0 0 0 1 3 0 0 6 
0 0 4 8 0 0 0 0 5 
0 6 1 0 0 4 0 0 3 
---solved---
6 1 8 5 7 9 3 2 4 
2 3 5 4 6 8 1 7 9 
4 9 7 1 3 2 6 5 8 
5 4 9 6 2 1 8 3 7 
7 2 3 9 8 5 4 6 1 
1 8 6 3 4 7 5 9 2 
8 5 2 7 1 3 9 4 6 
3 7 4 8 9 6 2 1 5 
9 6 1 2 5 4 7 8 3 
---fuzzTest---
Solver has no duplicate or sum errors!! 
passed 
Solver -successfully- filled in the correct slots! 
passed 
------- Print Board 1 -------
---create---
0 0 0 6 0 8 0 0 0 
3 7 0 0 0 5 0 0 0 
2 0 9 0 3 0 0 0 0 
0 0 0 7 1 2 0 8 0 
9 0 7 0 8 0 0 1 3 
1 2 0 0 9 0 0 0 0 
8 0 1 0 0 0 0 5 4 
0 9 2 4 0 0 0 0 0 
0 4 0 0 6 0 1 0 2 
---solved---
5 1 4 6 2 8 3 7 9 
3 7 6 9 4 5 8 2 1 
2 8 9 1 3 7 4 6 5 
4 5 3 7 1 2 9 8 6 
9 6 7 5 8 4 2 1 3 
1 2 8 3 9 6 5 4 7 
8 3 1 2 7 9 6 5 4 
6 9 2 4 5 1 7 3 8 
7 4 5 8 6 3 1 9 2 
---fuzzTest---
Solver has no duplicate or sum errors!! 
passed 
Solver -successfully- filled in the correct slots! 
passed 
